This is LuaHBTeX, Version 1.16.0 (TeX Live 2023)  (format=lualatex 2023.12.9)  17 JAN 2024 00:08
 restricted system commands enabled.
 file:line:error style messages enabled.
**/Users/nihal/Library/CloudStorage/Dropbox/projects/indiabill/ukbill-ctan/ukbill/immigration-bill.tex
(/Users/nihal/Library/CloudStorage/Dropbox/projects/indiabill/ukbill-ctan/ukbill/immigration-bill.tex
LaTeX2e <2022-11-01> patch level 1
Lua module: luaotfload 2022-10-03 3.23 Lua based OpenType font support
Lua module: lualibs 2022-10-04 2.75 ConTeXt Lua standard libraries.
Lua module: lualibs-extended 2022-10-04 2.75 ConTeXt Lua libraries -- extended collection.
luaotfload | conf : Root cache directory is "/Users/nihal/Library/texlive/2023/texmf-var/luatex-cache/generic/names".
luaotfload | init : Loading fontloader "fontloader-2022-10-03.lua" from kpse-resolved path "/usr/local/texlive/2023/texmf-dist/tex/luatex/luaotfload/fontloader-2022-10-03.lua".
Lua-only attribute luaotfload@noligature = 1
luaotfload | init : Context OpenType loader version 3.120
Inserting `luaotfload.node_processor' in `pre_linebreak_filter'.
Inserting `luaotfload.node_processor' in `hpack_filter'.
Inserting `luaotfload.glyph_stream' in `glyph_stream_provider'.
Inserting `luaotfload.define_font' in `define_font'.
Lua-only attribute luaotfload_color_attribute = 2
luaotfload | conf : Root cache directory is "/Users/nihal/Library/texlive/2023/texmf-var/luatex-cache/generic/names".
Inserting `luaotfload.harf.strip_prefix' in `find_opentype_file'.
Inserting `luaotfload.harf.strip_prefix' in `find_truetype_file'.
Removing  `luaotfload.glyph_stream' from `glyph_stream_provider'.
Inserting `luaotfload.harf.glyphstream' in `glyph_stream_provider'.
Inserting `luaotfload.harf.finalize_vlist' in `post_linebreak_filter'.
Inserting `luaotfload.harf.finalize_hlist' in `hpack_filter'.
Inserting `luaotfload.cleanup_files' in `wrapup_run'.
Inserting `luaotfload.harf.finalize_unicode' in `finish_pdffile'.
Inserting `luaotfload.glyphinfo' in `glyph_info'.
Lua-only attribute luaotfload.letterspace_done = 3
Inserting `luaotfload.aux.set_sscale_dimens' in `luaotfload.patch_font'.
Inserting `luaotfload.aux.set_font_index' in `luaotfload.patch_font'.
Inserting `luaotfload.aux.patch_cambria_domh' in `luaotfload.patch_font'.
Inserting `luaotfload.aux.fixup_fontdata' in `luaotfload.patch_font_unsafe'.
Inserting `luaotfload.aux.set_capheight' in `luaotfload.patch_font'.
Inserting `luaotfload.aux.set_xheight' in `luaotfload.patch_font'.
Inserting `luaotfload.rewrite_fontname' in `luaotfload.patch_font'. L3 programming layer <2023-02-22>
Inserting `tracingstacklevels' in `input_level_string'. (./ukbill.cls
Document Class: ukbill 2024-01-06 A Class for UK legislation
(/usr/local/texlive/2023/texmf-dist/tex/latex/memoir/memoir.cls
Document Class: memoir 2022/11/17 v3.7.19 configurable book, report, article document class
(/usr/local/texlive/2023/texmf-dist/tex/latex/etoolbox/etoolbox.sty
Package: etoolbox 2020/10/05 v2.5k e-TeX tools for LaTeX (JAW)
\etb@tempcnta=\count183
)
\onelineskip=\skip48
\lxvchars=\skip49
\xlvchars=\skip50
\@memcnta=\count184
\c@@memmarkcntra=\count185
 (/usr/local/texlive/2023/texmf-dist/tex/generic/iftex/iftex.sty
Package: iftex 2022/02/03 v1.0f TeX engine tests
)
\stockheight=\dimen139
\stockwidth=\dimen140
\trimtop=\skip51
\trimedge=\skip52
 (/usr/local/texlive/2023/texmf-dist/tex/latex/memoir/mem12.clo
File: mem12.clo 2022/07/29 v0.5 memoir class 12pt size option
luaotfload | db : Font names database loaded from /Users/nihal/Library/texlive/2023/texmf-var/luatex-cache/generic/names/luaotfload-names.luc.gz)
\binding=\skip53
\spinemargin=\skip54
\foremargin=\skip55
\uppermargin=\skip56
\lowermargin=\skip57
\headdrop=\skip58
\normalrulethickness=\skip59
\mem@maxheadheight=\skip60
\mem@maxfootheight=\skip61
\headwidth=\skip62
\c@storedpagenumber=\count186
\memPD=\dimen141
\m@mabparskip=\skip63
\thanksmarkwidth=\skip64
\thanksmarksep=\skip65
\droptitle=\skip66
\c@book=\count187
\c@part=\count188
\c@chapter=\count189
\c@section=\count190
\c@subsection=\count191
\c@subsubsection=\count192
\c@paragraph=\count193
\c@subparagraph=\count194
\beforechapskip=\skip67
\midchapskip=\skip68
\afterchapskip=\skip69
\chapindent=\skip70
\bottomsectionskip=\skip71
\secindent=\skip72
\beforesecskip=\skip73
\aftersecskip=\skip74
\subsecindent=\skip75
\beforesubsecskip=\skip76
\aftersubsecskip=\skip77
\subsubsecindent=\skip78
\beforesubsubsecskip=\skip79
\aftersubsubsecskip=\skip80
\paraindent=\skip81
\beforeparaskip=\skip82
\afterparaskip=\skip83
\subparaindent=\skip84
\beforesubparaskip=\skip85
\aftersubparaskip=\skip86
\pfbreakskip=\skip87
\c@@ppsavesec=\count195
\c@@ppsaveapp=\count196
\ragrparindent=\dimen142
\everylistparindent=\dimen143
\parsepi=\skip88
\topsepi=\skip89
\itemsepi=\skip90
\parsepii=\skip91
\topsepii=\skip92
\topsepiii=\skip93
\itemsepii=\skip94
\itemsepiii=\skip95
\partopsepii=\skip96
\partopsepiii=\skip97
\m@msavetopsep=\skip98
\m@msavepartopsep=\skip99
\@enLab=\toks16
\abstitleskip=\skip100
\absleftindent=\skip101
\abs@leftindent=\dimen144
\absrightindent=\skip102
\absparindent=\skip103
\absparsep=\skip104
\c@vslineno=\count197
\c@poemline=\count198
\c@modulo@vs=\count199
\c@memfvsline=\count266
\vleftskip=\skip105
\vrightskip=\skip106
\stanzaskip=\skip107
\versewidth=\skip108
\vgap=\skip109
\vindent=\skip110
\vleftmargin=\dimen145
\c@verse=\count267
\c@chrsinstr=\count268
\beforepoemtitleskip=\skip111
\afterpoemtitleskip=\skip112
\c@poem=\count269
\beforePoemTitleskip=\skip113
\midPoemTitleskip=\skip114
\afterPoemTitleskip=\skip115
 (/usr/local/texlive/2023/texmf-dist/tex/latex/tools/array.sty
Package: array 2022/09/04 v2.5g Tabular extension package (FMi)
\col@sep=\dimen146
\ar@mcellbox=\box51
\extrarowheight=\dimen147
\NC@list=\toks17
\extratabsurround=\skip116
\backup@length=\skip117
\ar@cellbox=\box52
) (/usr/local/texlive/2023/texmf-dist/tex/latex/tools/dcolumn.sty
Package: dcolumn 2014/10/28 v1.06 decimal alignment package (DPC)
) (/usr/local/texlive/2023/texmf-dist/tex/latex/tools/delarray.sty
Package: delarray 2014/10/28 v1.01 array delimiter package (DPC)
) (/usr/local/texlive/2023/texmf-dist/tex/latex/tools/tabularx.sty
Package: tabularx 2020/01/15 v2.11c `tabularx' package (DPC)
\TX@col@width=\dimen148
\TX@old@table=\dimen149
\TX@old@col=\dimen150
\TX@target=\dimen151
\TX@delta=\dimen152
\TX@cols=\count270
\TX@ftn=\toks18
)
\heavyrulewidth=\dimen153
\lightrulewidth=\dimen154
\cmidrulewidth=\dimen155
\belowrulesep=\dimen156
\belowbottomsep=\dimen157
\aboverulesep=\dimen158
\abovetopsep=\dimen159
\cmidrulesep=\dimen160
\cmidrulekern=\dimen161
\defaultaddspace=\dimen162
\@cmidla=\count271
\@cmidlb=\count272
\@aboverulesep=\dimen163
\@belowrulesep=\dimen164
\@thisruleclass=\count273
\@lastruleclass=\count274
\@thisrulewidth=\dimen165
\ctableftskip=\skip118
\ctabrightskip=\skip119
\abovecolumnspenalty=\count275
\@linestogo=\count276
\@cellstogo=\count277
\@cellsincolumn=\count278
\crtok=\toks19
\@mincolumnwidth=\dimen166
\c@newflo@tctr=\count279
\mem@margin@floatbox=\box53
\@contcwidth=\skip120
\@contindw=\skip121
\abovecaptionskip=\skip122
\belowcaptionskip=\skip123
\subfloattopskip=\skip124
\subfloatcapskip=\skip125
\subfloatcaptopadj=\skip126
\subfloatbottomskip=\skip127
\subfloatlabelskip=\skip128
\subfloatcapmargin=\dimen167
\c@@contsubnum=\count280
\m@mscap@capbox=\box54
\m@mscap@fbox=\box55
\sidecapsep=\dimen168
\sidecapwidth=\dimen169
\m@m@tempdima=\dimen170
\m@mscapraise=\dimen171
\sidecapraise=\dimen172
\m@mscapmainwidth=\dimen173
\m@mscaplkern=\dimen174
\beforeepigraphskip=\skip129
\afterepigraphskip=\skip130
\epigraphwidth=\skip131
\epigraphrule=\skip132
LaTeX Info: Redefining \em on input line 7655.
LaTeX Info: Redefining \emph on input line 7663.
\tocentryskip=\skip133
\tocbaseline=\skip134
\cftparskip=\skip135
\cftbeforebookskip=\skip136
\cftbookindent=\dimen175
\cftbooknumwidth=\dimen176
\cftbeforepartskip=\skip137
\cftpartindent=\skip138
\cftpartnumwidth=\skip139
\cftbeforechapterskip=\skip140
\cftchapterindent=\skip141
\cftchapternumwidth=\skip142
\cftbeforesectionskip=\skip143
\cftsectionindent=\skip144
\cftsectionnumwidth=\skip145
\cftbeforesubsectionskip=\skip146
\cftsubsectionindent=\skip147
\cftsubsectionnumwidth=\skip148
\cftbeforesubsubsectionskip=\skip149
\cftsubsubsectionindent=\skip150
\cftsubsubsectionnumwidth=\skip151
\cftbeforeparagraphskip=\skip152
\cftparagraphindent=\skip153
\cftparagraphnumwidth=\skip154
\cftbeforesubparagraphskip=\skip155
\cftsubparagraphindent=\skip156
\cftsubparagraphnumwidth=\skip157
\prechapterprecisshift=\dimen177
\c@maxsecnumdepth=\count281
\bibindent=\dimen178
\bibitemsep=\skip158
\indexcolsep=\skip159
\indexrule=\skip160
\indexmarkstyle=\toks20
\@indexbox=\insert252
\glossarycolsep=\dimen179
\glossaryrule=\dimen180
\sideparvshift=\skip161
\sideins=\insert251
\sidebartopsep=\skip162
\sidebarhsep=\skip163
\sidebarvsep=\skip164
\sidebarwidth=\skip165
\footmarkwidth=\skip166
\footmarksep=\skip167
\footparindent=\skip168
\footinsdim=\skip169
\footinsv@r=\insert250
\@mpfootinsv@r=\insert249
\m@m@k=\count282
\m@m@h=\dimen181
\m@mipn@skip=\skip170
\sidefootins=\insert248
\sidefootadjust=\skip171
\sidefootheight=\skip172
\sidefoothsep=\skip173
\sidefootvsep=\skip174
\sidefootwidth=\skip175
\m@mdownsf=\skip176
\c@sidefootnote=\count283
\sidefootmarkwidth=\skip177
\sidefootmarksep=\skip178
\sidefootparindent=\skip179
\c@pagenote=\count284
\c@pagenoteshadow=\count285
\mem@pn@lastkern=\skip180
\every@verbatim=\toks21
\afterevery@verbatim=\toks22
\verbatim@line=\toks23
\tab@position=\count286
\verbatim@in@stream=\read2
\verbatimindent=\skip181
\verbatim@out=\write3
\bvboxsep=\skip182
\c@memfbvline=\count287
\c@bvlinectr=\count288
\bvnumlength=\skip183
\fb@frw=\dimen182
\fb@frh=\dimen183
\FrameRule=\dimen184
\FrameSep=\dimen185
\c@cp@cntr=\count289
\c@ism@mctr=\count290
\c@xsm@mctr=\count291
\c@csm@mctr=\count292
\c@ksm@mctr=\count293
\c@xksm@mctr=\count294
\c@cksm@mctr=\count295
\c@msm@mctr=\count296
\c@xmsm@mctr=\count297
\c@cmsm@mctr=\count298
\c@bsm@mctr=\count299
\c@workm@mctr=\count300
\c@sheetsequence=\count301
\c@lastsheet=\count302
\c@lastpage=\count303
 (/usr/local/texlive/2023/texmf-dist/tex/latex/textcase/textcase.sty
Package: textcase 2022/07/10 v1.03 Text only upper/lower case changing (DPC)
Package textcase Info: Defining Legacy names on input line 20.
)
\c@figure=\count304
\c@lofdepth=\count305
\cftbeforefigureskip=\skip184
\cftfigureindent=\skip185
\cftfigurenumwidth=\skip186
\c@table=\count306
\c@lotdepth=\count307
\cftbeforetableskip=\skip187
\cfttableindent=\skip188
\cfttablenumwidth=\skip189
Package abstract [2008/07/23] emulated by memoir.
Package appendix [2008/07/23] emulated by memoir.
Package booktabs [2016/05/16] emulated by memoir.
Package ccaption [2008/07/23] emulated by memoir.
Package changepage [2008/07/23] emulated by memoir.
Package chngcntr [2008/07/23] emulated by memoir.
Package chngpage [2008/07/23] emulated by memoir.
Package crop emulated by memoir.
Package enumerate [2008/07/23] emulated by memoir.
Package epigraph [2008/07/23] emulated by memoir.
Package ifmtarg [2008/07/23] emulated by memoir.
Package index [2008/07/23] emulated by memoir.
Package makeidx [2008/07/23] emulated by memoir.
Package moreverb [2008/07/23] emulated by memoir.
Package needspace [2008/07/23] emulated by memoir.
Package newfile [2008/07/23] emulated by memoir.
Package nextpage [2008/07/23] emulated by memoir.
Package pagenote [2008/07/23] emulated by memoir.
Package parskip [2008/07/23] emulated by memoir.
Package patchcmd [2008/07/23] emulated by memoir.
Package setspace [2008/07/23] emulated by memoir.
Package shortvrb [2008/07/23] emulated by memoir.
Package showidx [2008/07/23] emulated by memoir.
Package titleref [2008/07/23] emulated by memoir.
Package titling [2008/07/23] emulated by memoir.
Package tocbibind [2008/07/23] emulated by memoir.
Package tocloft [2008/07/23] emulated by memoir.
Package tocvsec2 [2008/07/23] emulated by memoir.
Package verbatim [2008/07/23] emulated by memoir.
Package verse [2008/07/23] emulated by memoir.
) (/usr/local/texlive/2023/texmf-dist/tex/latex/hyphenat/hyphenat.sty
Package: hyphenat 2009/09/02 v2.3c hyphenation utilities
\langwohyphens=\language2
LaTeX Info: Redefining \_ on input line 43.
) (/usr/local/texlive/2023/texmf-dist/tex/latex/paralist/paralist.sty
Package: paralist 2017/01/22 v2.7 Extended list environments
\pltopsep=\skip190
\plpartopsep=\skip191
\plitemsep=\skip192
\plparsep=\skip193
\pl@lab=\toks24
)
\c@schedcount=\count308
 (/usr/local/texlive/2023/texmf-dist/tex/latex/textpos/textpos.sty
Package: textpos 2022/07/23 v1.10.1
Package textpos Info: choosing support for LaTeX3 on input line 60.
 (/usr/local/texlive/2023/texmf-dist/tex/latex/graphics/keyval.sty
Package: keyval 2022/05/29 v1.15 key=value parser (DPC)
\KV@toks@=\toks25
)
\TP@textbox=\box56
\TP@holdbox=\box57
\TPHorizModule=\dimen186
\TPVertModule=\dimen187
\TP@margin=\dimen188
\TP@absmargin=\dimen189

Grid set 16 x 16 = 37.34424pt x 52.81541pt
\TPboxrulesize=\dimen190
\TP@ox=\dimen191
\TP@oy=\dimen192
\TP@tbargs=\toks26
TextBlockOrigin set to 0pt x 0pt
)
Grid set 8 x 9 = 64.01869pt x 93.26181pt
TextBlockOrigin set to 15mm x 1mm
(/usr/local/texlive/2023/texmf-dist/tex/latex/ccicons/ccicons.sty
Package: ccicons 2017/10/30 v1.6 LaTeX support for Creative Commons icons
 (/usr/local/texlive/2023/texmf-dist/tex/latex/xkeyval/xkeyval.sty
Package: xkeyval 2022/06/16 v2.9 package option processing (HA)
 (/usr/local/texlive/2023/texmf-dist/tex/generic/xkeyval/xkeyval.tex (/usr/local/texlive/2023/texmf-dist/tex/generic/xkeyval/xkvutils.tex
\XKV@toks=\toks27
\XKV@tempa@toks=\toks28
)
\XKV@depth=\count309
File: xkeyval.tex 2014/12/03 v2.7a key=value parser (HA)
))) (/usr/local/texlive/2023/texmf-dist/tex/latex/geometry/geometry.sty
Package: geometry 2020/01/02 v5.9 Page Geometry
 (/usr/local/texlive/2023/texmf-dist/tex/generic/iftex/ifvtex.sty
Package: ifvtex 2019/10/25 v1.7 ifvtex legacy package. Use iftex instead.
)
\Gm@cnth=\count310
\Gm@cntv=\count311
\c@Gm@tempcnt=\count312
\Gm@bindingoffset=\dimen193
\Gm@wd@mp=\dimen194
\Gm@odd@mp=\dimen195
\Gm@even@mp=\dimen196
\Gm@layoutwidth=\dimen197
\Gm@layoutheight=\dimen198
\Gm@layouthoffset=\dimen199
\Gm@layoutvoffset=\dimen256
\Gm@dimlist=\toks29
) (/usr/local/texlive/2023/texmf-dist/tex/latex/titlesec/titlesec.sty
Package: titlesec 2021/07/05 v2.14 Sectioning titles
\ttl@box=\box58
\beforetitleunit=\skip194
\aftertitleunit=\skip195
\ttl@plus=\dimen257
\ttl@minus=\dimen258
\ttl@toksa=\toks30
\titlewidth=\dimen259
\titlewidthlast=\dimen260
\titlewidthfirst=\dimen261
) (/usr/local/texlive/2023/texmf-dist/tex/latex/fontspec/fontspec.sty (/usr/local/texlive/2023/texmf-dist/tex/latex/l3packages/xparse/xparse.sty (/usr/local/texlive/2023/texmf-dist/tex/latex/l3kernel/expl3.sty
Package: expl3 2023-02-22 L3 programming layer (loader) 
 (/usr/local/texlive/2023/texmf-dist/tex/latex/l3backend/l3backend-luatex.def
File: l3backend-luatex.def 2023-01-16 L3 backend support: PDF output (LuaTeX)
\l__color_backend_stack_int=\count313
\l__pdf_internal_box=\box59
))
Package: xparse 2023-02-02 L3 Experimental document command parser
)
Package: fontspec 2022/01/15 v2.8a Font selection for XeLaTeX and LuaLaTeX
Lua module: fontspec 2022/01/15 2.8a Font selection for XeLaTeX and LuaLaTeX (/usr/local/texlive/2023/texmf-dist/tex/latex/fontspec/fontspec-luatex.sty
Package: fontspec-luatex 2022/01/15 v2.8a Font selection for XeLaTeX and LuaLaTeX
\l__fontspec_script_int=\count314
\l__fontspec_language_int=\count315
\l__fontspec_strnum_int=\count316
\l__fontspec_tmp_int=\count317
\l__fontspec_tmpa_int=\count318
\l__fontspec_tmpb_int=\count319
\l__fontspec_tmpc_int=\count320
\l__fontspec_em_int=\count321
\l__fontspec_emdef_int=\count322
\l__fontspec_strong_int=\count323
\l__fontspec_strongdef_int=\count324
\l__fontspec_tmpa_dim=\dimen262
\l__fontspec_tmpb_dim=\dimen263
\l__fontspec_tmpc_dim=\dimen264
 (/usr/local/texlive/2023/texmf-dist/tex/latex/base/fontenc.sty
Package: fontenc 2021/04/29 v2.0v Standard LaTeX package
) (/usr/local/texlive/2023/texmf-dist/tex/latex/fontspec/fontspec.cfg)))
luaotfload | cache : Lookup cache loaded from /Users/nihal/Library/texlive/2023/texmf-var/luatex-cache/generic/names/luaotfload-lookup-cache.luc.

Package fontspec Info: Font family 'PalatineP-Regular(0)' created for font
(fontspec)             'PalatineP-Regular' with options
(fontspec)             [Ligatures=TeX,Scale=.98,SmallCapsFeatures={LetterSpace=10,RawFeature={+smcp,},},BoldFeatures
(fontspec)             = {SmallCapsFont=
(fontspec)             {PalatineP-Bold},SmallCapsFeatures={RawFeature={+smcp,}}},BoldFont={PalatineP-Bold},ItalicFont={PalatineP-Italic},BoldItalicFont={PalatineP-BoldItalic}].
(fontspec)              
(fontspec)              This font family consists of the following NFSS
(fontspec)             series/shapes:
(fontspec)              
(fontspec)             - 'normal' (m/n) with NFSS spec.:
(fontspec)             <->s*[.98]"PalatineP-Regular:mode=node;script=latn;language=dflt;+tlig;"
(fontspec)             - 'small caps'  (m/sc) with NFSS spec.:
(fontspec)             <->s*[.98]"PalatineP-Regular:mode=node;script=latn;language=dflt;letterspace=10;+tlig;+smcp;+smcp,;"
(fontspec)             - 'bold' (b/n) with NFSS spec.:
(fontspec)             <->s*[.98]"PalatineP-Bold:mode=node;script=latn;language=dflt;+tlig;"
(fontspec)             - 'bold small caps'  (b/sc) with NFSS spec.:
(fontspec)             <->s*[.98]"PalatineP-Bold:mode=node;script=latn;language=dflt;letterspace=10;+tlig;+smcp,;+smcp,;"
(fontspec)             - 'italic' (m/it) with NFSS spec.:
(fontspec)             <->s*[.98]"PalatineP-Italic:mode=node;script=latn;language=dflt;+tlig;"
(fontspec)             - 'italic small caps'  (m/scit) with NFSS spec.:
(fontspec)             <->s*[.98]"PalatineP-Italic:mode=node;script=latn;language=dflt;letterspace=10;+tlig;+smcp;+smcp,;"
(fontspec)             - 'bold italic' (b/it) with NFSS spec.:
(fontspec)             <->s*[.98]"PalatineP-BoldItalic:mode=node;script=latn;language=dflt;+tlig;"
(fontspec)             - 'bold italic small caps'  (b/scit) with NFSS spec.:
(fontspec)             <->s*[.98]"PalatineP-BoldItalic:mode=node;script=latn;language=dflt;letterspace=10;+tlig;+smcp;+smcp,;"

LaTeX Font Info:    Font shape `TU/PalatineP-Regular(0)/m/n' will be
(Font)              scaled to size 11.75995pt on input line 366.

Package fontspec Info: Font family 'TimesNewRoman(0)' created for font 'Times
(fontspec)             New Roman' with options
(fontspec)             [BoldFont={},ItalicFont={},SmallCapsFont={},SmallCapsFont={Times
(fontspec)             New Roman}].
(fontspec)              
(fontspec)              This font family consists of the following NFSS
(fontspec)             series/shapes:
(fontspec)              
(fontspec)             - 'normal' (m/n) with NFSS spec.:
(fontspec)             <->"TimesNewRoman:mode=node;script=latn;language=dflt;"
(fontspec)             - 'small caps'  (m/sc) with NFSS spec.:
(fontspec)             <->"TimesNewRoman:mode=node;script=latn;language=dflt;"

 (/usr/local/texlive/2023/texmf-dist/tex/generic/babel/babel.sty
Package: babel 2023/02/13 3.86 The Babel package
 (/usr/local/texlive/2023/texmf-dist/tex/generic/babel/luababel.def
\bbl@readstream=\read3
\l@dumylang=\language3
Package babel Info: Non-standard hyphenation setup on input line 118.
\l@nohyphenation=\language4
\l@german-x-2023-03-06=\language5
\l@ngerman-x-2023-03-06=\language6
\l@afrikaans=\language7
\l@ancientgreek=\language8
\l@ibycus=\language9
\l@arabic=\language10
\l@armenian=\language11
\l@basque=\language12
\l@belarusian=\language13
\l@bulgarian=\language14
\l@catalan=\language15
\l@pinyin=\language16
\l@churchslavonic=\language17
\l@coptic=\language18
\l@croatian=\language19
\l@czech=\language20
\l@danish=\language21
\l@dutch=\language22
\l@ukenglish=\language23
\l@usenglishmax=\language24
\l@esperanto=\language25
\l@estonian=\language26
\l@ethiopic=\language27
\l@farsi=\language28
\l@finnish=\language29
\l@schoolfinnish=\language30
\l@french=\language31
\l@friulan=\language32
\l@galician=\language33
\l@georgian=\language34
\l@german=\language35
\l@ngerman=\language36
\l@swissgerman=\language37
\l@greek=\language38
\l@monogreek=\language39
\l@hungarian=\language40
\l@icelandic=\language41
\l@assamese=\language42
\l@bengali=\language43
\l@gujarati=\language44
\l@hindi=\language45
\l@kannada=\language46
\l@malayalam=\language47
\l@marathi=\language48
\l@oriya=\language49
\l@pali=\language50
\l@panjabi=\language51
\l@tamil=\language52
\l@telugu=\language53
\l@indonesian=\language54
\l@interlingua=\language55
\l@irish=\language56
\l@italian=\language57
\l@kurmanji=\language58
\l@classiclatin=\language59
\l@latin=\language60
\l@liturgicallatin=\language61
\l@latvian=\language62
\l@lithuanian=\language63
\l@macedonian=\language64
\l@mongolian=\language65
\l@mongolianlmc=\language66
\l@bokmal=\language67
\l@nynorsk=\language68
\l@occitan=\language69
\l@piedmontese=\language70
\l@polish=\language71
\l@portuguese=\language72
\l@romanian=\language73
\l@romansh=\language74
\l@russian=\language75
\l@sanskrit=\language76
\l@serbian=\language77
\l@serbianc=\language78
\l@slovak=\language79
\l@slovenian=\language80
\l@spanish=\language81
\l@swedish=\language82
\l@thai=\language83
\l@turkish=\language84
\l@turkmen=\language85
\l@ukrainian=\language86
\l@uppersorbian=\language87
\l@welsh=\language88
\babelcatcodetablenum=\catcodetable12
\bbl@pattcodes=\catcodetable13
)
\babel@savecnt=\count325
\U@D=\dimen265
\l@unhyphenated=\language89
 (/usr/local/texlive/2023/texmf-dist/tex/generic/babel/luababel.def
\bbl@attr@locale=\attribute4
) (/usr/local/texlive/2023/texmf-dist/tex/generic/babel-english/english.ldf
Language: english 2017/06/06 v3.3r English support from the babel system
Package babel Info: Hyphen rules for 'canadian' set to \l@english
(babel)             (\language0). Reported on input line 102.
Package babel Info: Hyphen rules for 'australian' set to \l@ukenglish
(babel)             (\language23). Reported on input line 105.
Package babel Info: Hyphen rules for 'newzealand' set to \l@ukenglish
(babel)             (\language23). Reported on input line 108.
)) (/usr/local/texlive/2023/texmf-dist/tex/generic/babel/locale/en/babel-english.tex
Package babel Info: Importing font and identification data for english
(babel)             from babel-en.ini. Reported on input line 11.
) (/usr/local/texlive/2023/texmf-dist/tex/latex/enumitem/enumitem.sty
Package: enumitem 2019/06/20 v3.9 Customized lists
\labelindent=\skip196
\enit@outerparindent=\dimen266
\enit@toks=\toks31
\enit@inbox=\box60
\enit@count@id=\count326
\enitdp@description=\count327
)
\c@alphcount=\count328
 (/usr/local/texlive/2023/texmf-dist/tex/latex/lettrine/lettrine.sty
File: lettrine.sty 2022-09-25 v2.30 (Daniel Flipo)
 (/usr/local/texlive/2023/texmf-dist/tex/generic/minifp/minifp.sty
Package: minifp 2013/12/30 v0.96. Macros for real number operations and a stack-based programing language.
\MFP@loopctr=\count329
)
\c@DefaultLines=\count330
\c@DefaultDepth=\count331
\DefaultFindent=\dimen267
\DefaultNindent=\dimen268
\DefaultSlope=\dimen269
\DiscardVskip=\dimen270

Loading lettrine.cfg
(/usr/local/texlive/2023/texmf-dist/tex/latex/lettrine/lettrine.cfg)
\L@lbox=\box61
\L@tbox=\box62
\c@L@lines=\count332
\c@L@depth=\count333
\L@Pindent=\dimen271
\L@Findent=\dimen272
\L@Nindent=\dimen273
\L@lraise=\dimen274
\L@first=\dimen275
\L@next=\dimen276
\L@slope=\dimen277
\L@height=\dimen278
\L@novskip=\dimen279
\L@target@ht=\dimen280
\L@target@dp=\dimen281
\L@target@tht=\dimen282
\LettrineWidth=\dimen283
\LettrineHeight=\dimen284
\LettrineDepth=\dimen285
\Llist@everypar=\toks32
)
\c@schedon=\count334
) (./immigration-bill.aux)
\openout1 = immigration-bill.aux

LaTeX Font Info:    Checking defaults for OML/cmm/m/it on input line 16.
LaTeX Font Info:    ... okay on input line 16.
LaTeX Font Info:    Checking defaults for OMS/cmsy/m/n on input line 16.
LaTeX Font Info:    ... okay on input line 16.
LaTeX Font Info:    Checking defaults for OT1/cmr/m/n on input line 16.
LaTeX Font Info:    ... okay on input line 16.
LaTeX Font Info:    Checking defaults for T1/cmr/m/n on input line 16.
LaTeX Font Info:    ... okay on input line 16.
LaTeX Font Info:    Checking defaults for TS1/cmr/m/n on input line 16.
LaTeX Font Info:    Trying to load font information for TS1+cmr on input line 16.
 (/usr/local/texlive/2023/texmf-dist/tex/latex/base/ts1cmr.fd
File: ts1cmr.fd 2022/07/10 v2.5l Standard LaTeX font definitions
)
LaTeX Font Info:    ... okay on input line 16.
LaTeX Font Info:    Checking defaults for TU/lmr/m/n on input line 16.
LaTeX Font Info:    ... okay on input line 16.
LaTeX Font Info:    Checking defaults for OMX/cmex/m/n on input line 16.
LaTeX Font Info:    ... okay on input line 16.
LaTeX Font Info:    Checking defaults for U/cmr/m/n on input line 16.
LaTeX Font Info:    ... okay on input line 16.

*geometry* driver: auto-detecting
*geometry* detected driver: luatex
*geometry* verbose mode - [ preamble ] result:
* driver: luatex
* paper: <default>
* layout: <same size as paper>
* layoutoffset:(h,v)=(0.0pt,0.0pt)
* modes: twoside 
* h-part:(L,W,R)=(92.47145pt, 412.56497pt, 92.47145pt)
* v-part:(T,H,B)=(92.47145pt, 660.10394pt, 92.47145pt)
* \paperwidth=597.50787pt
* \paperheight=845.04684pt
* \textwidth=412.56497pt
* \textheight=660.10394pt
* \oddsidemargin=20.20146pt
* \evensidemargin=20.20146pt
* \topmargin=-99.67233pt
* \headheight=100.0pt
* \headsep=19.8738pt
* \topskip=12.0pt
* \footskip=30.0pt
* \marginparwidth=92.0pt
* \marginparsep=7.0pt
* \columnsep=10.0pt
* \skip\footins=12.0pt plus 4.0pt minus 4.0pt
* \hoffset=0.0pt
* \voffset=0.0pt
* \mag=1000
* \@twocolumnfalse
* \@twosidetrue
* \@mparswitchtrue
* \@reversemarginfalse
* (1in=72.27pt=25.4mm, 1cm=28.453pt)


Package fontspec Info: Adjusting the maths setup (use [no-math] to avoid
(fontspec)             this).

\symlegacymaths=\mathgroup4
LaTeX Font Info:    Overwriting symbol font `legacymaths' in version `bold'
(Font)                  OT1/cmr/m/n --> OT1/cmr/bx/n on input line 16.
LaTeX Font Info:    Redeclaring math accent \acute on input line 16.
LaTeX Font Info:    Redeclaring math accent \grave on input line 16.
LaTeX Font Info:    Redeclaring math accent \ddot on input line 16.
LaTeX Font Info:    Redeclaring math accent \tilde on input line 16.
LaTeX Font Info:    Redeclaring math accent \bar on input line 16.
LaTeX Font Info:    Redeclaring math accent \breve on input line 16.
LaTeX Font Info:    Redeclaring math accent \check on input line 16.
LaTeX Font Info:    Redeclaring math accent \hat on input line 16.
LaTeX Font Info:    Redeclaring math accent \dot on input line 16.
LaTeX Font Info:    Redeclaring math accent \mathring on input line 16.
LaTeX Font Info:    Redeclaring math symbol \colon on input line 16.
LaTeX Font Info:    Redeclaring math symbol \Gamma on input line 16.
LaTeX Font Info:    Redeclaring math symbol \Delta on input line 16.
LaTeX Font Info:    Redeclaring math symbol \Theta on input line 16.
LaTeX Font Info:    Redeclaring math symbol \Lambda on input line 16.
LaTeX Font Info:    Redeclaring math symbol \Xi on input line 16.
LaTeX Font Info:    Redeclaring math symbol \Pi on input line 16.
LaTeX Font Info:    Redeclaring math symbol \Sigma on input line 16.
LaTeX Font Info:    Redeclaring math symbol \Upsilon on input line 16.
LaTeX Font Info:    Redeclaring math symbol \Phi on input line 16.
LaTeX Font Info:    Redeclaring math symbol \Psi on input line 16.
LaTeX Font Info:    Redeclaring math symbol \Omega on input line 16.
LaTeX Font Info:    Redeclaring math symbol \mathdollar on input line 16.
LaTeX Font Info:    Redeclaring symbol font `operators' on input line 16.
LaTeX Font Info:    Encoding `OT1' has changed to `TU' for symbol font
(Font)              `operators' in the math version `normal' on input line 16.
LaTeX Font Info:    Overwriting symbol font `operators' in version `normal'
(Font)                  OT1/cmr/m/n --> TU/PalatineP-Regular(0)/m/n on input line 16.
LaTeX Font Info:    Encoding `OT1' has changed to `TU' for symbol font
(Font)              `operators' in the math version `bold' on input line 16.
LaTeX Font Info:    Overwriting symbol font `operators' in version `bold'
(Font)                  OT1/cmr/bx/n --> TU/PalatineP-Regular(0)/m/n on input line 16.
LaTeX Font Info:    Overwriting symbol font `operators' in version `normal'
(Font)                  TU/PalatineP-Regular(0)/m/n --> TU/PalatineP-Regular(0)/m/n on input line 16.
LaTeX Font Info:    Overwriting math alphabet `\mathit' in version `normal'
(Font)                  OT1/cmr/m/it --> TU/PalatineP-Regular(0)/m/it on input line 16.
LaTeX Font Info:    Overwriting math alphabet `\mathbf' in version `normal'
(Font)                  OT1/cmr/bx/n --> TU/PalatineP-Regular(0)/b/n on input line 16.
LaTeX Font Info:    Overwriting math alphabet `\mathsf' in version `normal'
(Font)                  OT1/cmss/m/n --> TU/lmss/m/n on input line 16.
LaTeX Font Info:    Overwriting math alphabet `\mathtt' in version `normal'
(Font)                  OT1/cmtt/m/n --> TU/lmtt/m/n on input line 16.
LaTeX Font Info:    Overwriting symbol font `operators' in version `bold'
(Font)                  TU/PalatineP-Regular(0)/m/n --> TU/PalatineP-Regular(0)/b/n on input line 16.
LaTeX Font Info:    Overwriting math alphabet `\mathit' in version `bold'
(Font)                  OT1/cmr/bx/it --> TU/PalatineP-Regular(0)/b/it on input line 16.
LaTeX Font Info:    Overwriting math alphabet `\mathsf' in version `bold'
(Font)                  OT1/cmss/bx/n --> TU/lmss/b/n on input line 16.
LaTeX Font Info:    Overwriting math alphabet `\mathtt' in version `bold'
(Font)                  OT1/cmtt/m/n --> TU/lmtt/b/n on input line 16.
LaTeX Font Info:    Font shape `TU/PalatineP-Regular(0)/m/n' will be
(Font)              scaled to size 24.3823pt on input line 16.
LaTeX Font Info:    Font shape `TU/PalatineP-Regular(0)/b/n' will be
(Font)              scaled to size 24.3823pt on input line 16.
LaTeX Font Info:    Font shape `TU/PalatineP-Regular(0)/m/n' will be
(Font)              scaled to size 14.11192pt on input line 16.
LaTeX Font Info:    Font shape `TU/PalatineP-Regular(0)/m/sc' will be
(Font)              scaled to size 14.11192pt on input line 16.
Inserting `luaotfload.letterspace' in `pre_linebreak_filter'.
Inserting `luaotfload.letterspace' in `hpack_filter'. (./immigration-bill.toc
LaTeX Font Info:    Font shape `TU/PalatineP-Regular(0)/b/n' will be
(Font)              scaled to size 11.75995pt on input line 3.
LaTeX Font Info:    Font shape `TU/PalatineP-Regular(0)/b/it' will be
(Font)              scaled to size 11.75995pt on input line 3.
LaTeX Font Info:    Font shape `TU/PalatineP-Regular(0)/m/it' will be
(Font)              scaled to size 11.75995pt on input line 3.

Overfull \hbox (29.9879pt too wide) in paragraph at lines 3--3
 [][] []  
 []


Overfull \hbox (29.9879pt too wide) in paragraph at lines 9--9
 [][] []  
 []


Overfull \hbox (29.9879pt too wide) in paragraph at lines 14--14
 [][] []  
 []


Underfull \hbox (badness 1424) in paragraph at lines 16--16
 [][] []\TU/PalatineP-Regular(0)/m/n/12 Ev-i-dence of cit-i-zen-ship (case of non-independent des-ig-nated 
 []


Overfull \hbox (29.9879pt too wide) in paragraph at lines 20--20
 [][] []  
 []


Overfull \hbox (6.46379pt too wide) in paragraph at lines 22--22
 [][] []\TU/PalatineP-Regular(0)/m/n/12 Des-ig-nated Realms which are in-de-pen-dent 
 []


Underfull \hbox (badness 10000) in paragraph at lines 23--23
 [][] []\TU/PalatineP-Regular(0)/m/n/12 Des-ig-nated Realms which are not 
 []

) [1

{/usr/local/texlive/2023/texmf-var/fonts/map/pdftex/updmap/pdftex.map}] [2

]
LaTeX Font Info:    Font shape `TU/PalatineP-Regular(0)/m/sc' will be
(Font)              scaled to size 11.75995pt on input line 16.
LaTeX Font Info:    Font shape `TU/PalatineP-Regular(0)/m/n' will be
(Font)              scaled to size 19.88008pt on input line 16.
LaTeX Font Info:    Font shape `TU/PalatineP-Regular(0)/m/n' will be
(Font)              scaled to size 29.31473pt on input line 16.
Package lettrine.sty Info: Targeted height = 20.28589pt
(lettrine.sty)             (for loversize=0, accent excluded),
(lettrine.sty)             Lettrine height = 0.0pt ();
(lettrine.sty)             reported on input line 16.

Underfull \hbox (badness 1681) in paragraph at lines 23--24
[]\TU/PalatineP-Regular(0)/m/n/12 ‘pub-lic au-thor-ity’ has the same mean-ing as un-der the
 []


Underfull \hbox (badness 6758) in paragraph at lines 30--31
[]\TU/PalatineP-Regular(0)/m/n/12 In this Act, the term ‘non-designated Realm’ refers to an
 []


Underfull \hbox (badness 10000) in paragraph at lines 30--31
\TU/PalatineP-Regular(0)/m/n/12 in-de-pen-dent sovereign State recog-nised by His Majesty’s
 []

LaTeX Font Info:    Font shape `TU/PalatineP-Regular(0)/m/n' will be
(Font)              scaled to size 9.79996pt on input line 48.
LaTeX Font Info:    Font shape `TU/PalatineP-Regular(0)/m/it' will be
(Font)              scaled to size 9.79996pt on input line 48.
[1]
Overfull \hbox (0.29541pt too wide) in paragraph at lines 50--51
[]\TU/PalatineP-Regular(0)/m/n/12 in the le-gal sys-tem of the non-independent sub-division,
 []


Underfull \hbox (badness 3428) in paragraph at lines 63--64
\TU/PalatineP-Regular(0)/m/n/12 States, in-di-vid-u-als, who, un-der the re-spec-tive law of
 []


Underfull \hbox (badness 3312) in paragraph at lines 63--64
\TU/PalatineP-Regular(0)/m/n/12 a des-ig-nated Realm, pos-sesses the cit-i-zen-ship of said
 []


Underfull \hbox (badness 4279) in paragraph at lines 65--66
[]\TU/PalatineP-Regular(0)/m/n/12 The pre-ced-ing pro-vi-sion does not ap-ply in cases
 []


Underfull \hbox (badness 10000) in paragraph at lines 65--66
\TU/PalatineP-Regular(0)/m/n/12 where an in-di-vid-ual holds the cit-i-zen-ship of a
 []


Underfull \hbox (badness 4582) in paragraph at lines 65--66
\TU/PalatineP-Regular(0)/m/n/12 des-ig-nated Realm aquired pri-mar-ily as the re-sult
 []


Underfull \hbox (badness 6173) in paragraph at lines 65--66
\TU/PalatineP-Regular(0)/m/n/12 of in-vest-ment or in-vest-ments, pay-ment, or other
 []


Underfull \hbox (badness 3861) in paragraph at lines 65--66
\TU/PalatineP-Regular(0)/m/n/12 con-tri-bu-tion to aquire cit-i-zen-ship), as op-posed to
 []


Underfull \hbox (badness 2221) in paragraph at lines 65--66
\TU/PalatineP-Regular(0)/m/n/12 least four years of a con-tin-gu-ous five year pe-riod
 []


Underfull \hbox (badness 1748) in paragraph at lines 65--66
\TU/PalatineP-Regular(0)/m/n/12 phys-i-cally present in the sovereign ter-ri-tory of the
 []


Underfull \hbox (badness 5203) in paragraph at lines 67--68
[]\TU/PalatineP-Regular(0)/m/n/12 with re-gards to to des-ig-nated realms which are not
 []


Underfull \hbox (badness 1715) in paragraph at lines 70--71
[]\TU/PalatineP-Regular(0)/m/n/12 have not aquired such cit-i-zen-ship pri-mar-ily as the
 []


Underfull \hbox (badness 2368) in paragraph at lines 70--71
\TU/PalatineP-Regular(0)/m/n/12 pe-cu-niary con-sid-er-a-tions, as op-posed to res-i-dence,
 []


Underfull \hbox (badness 2197) in paragraph at lines 70--71
\TU/PalatineP-Regular(0)/m/n/12 years of a con-tin-gu-ous five year pe-riod phys-i-cally
 []


Underfull \vbox (badness 3281) has occurred while \output is active []

 [2]
Underfull \hbox (badness 1521) in paragraph at lines 80--81
[]\TU/PalatineP-Regular(0)/m/n/12 Sched-ule 1 of this Act shall be re-ferred to as the Reg-is-ter of
 []


Underfull \hbox (badness 10000) in paragraph at lines 83--84
[]\TU/PalatineP-Regular(0)/m/n/12 With re-gards to des-ig-nated Realms which are not
 []


Underfull \hbox (badness 1097) in paragraph at lines 83--84
\TU/PalatineP-Regular(0)/m/n/12 in-de-pen-dent States, the Reg-is-ter also records the sta-tus
 []


Underfull \hbox (badness 1009) in paragraph at lines 88--89
\TU/PalatineP-Regular(0)/m/n/12 vary the date at which delist-ing takes ef-fect by fur-ther
 []


Underfull \vbox (badness 1281) has occurred while \output is active []

 [3]
Underfull \hbox (badness 6461) in paragraph at lines 94--95
\TU/PalatineP-Regular(0)/m/n/12 in the do-mes-tic le-gal and con-sti-tu-tional ar-range-ments of a
 []


Underfull \hbox (badness 10000) in paragraph at lines 94--95
\TU/PalatineP-Regular(0)/m/n/12 non-independent polity con-sid-ered a des-ig-nated Realm are
 []


Underfull \hbox (badness 3158) in paragraph at lines 94--95
\TU/PalatineP-Regular(0)/m/n/12 per-ma-nent sta-tus of af-fil-i-a-tion listed in the Reg-is-ter re-quires
 []


Underfull \hbox (badness 2564) in paragraph at lines 98--99
\TU/PalatineP-Regular(0)/m/n/12 amenabil-ity or un-a-menabil-ity (as the case may be) to
 []


Underfull \hbox (badness 4416) in paragraph at lines 113--114
[]\TU/PalatineP-Regular(0)/m/n/12 Ex-cept where to do so would cause man-i-fest ab-sur-dity, all
 []


Underfull \hbox (badness 1184) in paragraph at lines 113--114
\TU/PalatineP-Regular(0)/m/n/12 ref-er-ences in ex-ist-ing leg-is-la-tion to cit-i-zens of Ire-land shall be
 []


Underfull \hbox (badness 2253) in paragraph at lines 115--116
\TU/PalatineP-Regular(0)/m/n/12 of treat-ment of the cit-i-zens of Ire-land and the rights,
 []

[4]
Underfull \hbox (badness 5091) in paragraph at lines 116--117
\TU/PalatineP-Regular(0)/m/n/12 which oc-cur sub-se-quent to Ap-pli-ca-tion Day shall be
 []


Underfull \hbox (badness 1168) in paragraph at lines 122--123
\TU/PalatineP-Regular(0)/m/n/12 prior to the com-ing into force of this Act, and, fol-low-ing the
 []


Underfull \hbox (badness 7362) in paragraph at lines 122--123
\TU/PalatineP-Regular(0)/m/n/12 crim-i-nal pros-e-cu-tions, civil ac-tions, ad-min-is-tra-tive penal-ties,
 []


Underfull \hbox (badness 1253) in paragraph at lines 123--124
[]\TU/PalatineP-Regular(0)/m/n/12 Notwith-stand-ing any-thing else in this Act, the fol-low-ing shall
 []


Underfull \hbox (badness 4726) in paragraph at lines 123--124
\TU/PalatineP-Regular(0)/m/n/12 con-tinue to re-main valid, le-gal, ex-e-cutable, and en-force-able
 []


Underfull \hbox (badness 10000) in paragraph at lines 129--129
[]\TU/PalatineP-Regular(0)/m/n/12 The pre-ced-ing pro-vi-sion ap-plies only to those
 []


Underfull \hbox (badness 4582) in paragraph at lines 129--129
\TU/PalatineP-Regular(0)/m/n/12 ad-min-is-tra-tive mea-sures and poli-cies which name
 []

[5]
Underfull \hbox (badness 2894) in paragraph at lines 146--147
[]\TU/PalatineP-Regular(0)/m/n/12 The Sec-re-tary of State or any ap-pro-pri-ate Min-is-ter may at any
 []

[6]
Underfull \hbox (badness 1122) in paragraph at lines 157--158
[]\TU/PalatineP-Regular(0)/m/n/12 The Sec-re-tary of State is em-pow-ered to cre-ate, by way
 []


Underfull \hbox (badness 4595) in paragraph at lines 157--158
\TU/PalatineP-Regular(0)/m/n/12 of statu-tory in-stru-ment, other forms of iden-ti-fi-ca-tion,
 []


Underfull \hbox (badness 3735) in paragraph at lines 159--160
\TU/PalatineP-Regular(0)/m/n/12 of State shall is-sued de-tailed guid-ance for pub-lic
 []


Underfull \hbox (badness 1609) in paragraph at lines 159--160
\TU/PalatineP-Regular(0)/m/n/12 au-thor-i-ties and pri-vate ac-tors on how to recog-nise
 []


Overfull \hbox (16.81032pt too wide) in paragraph at lines 166--167
[]\TU/PalatineP-Regular(0)/m/n/12 Sub-sec-tion one of this sec-tion shall ap-ply to cit-i-zens of non-independent
 []


Underfull \hbox (badness 2961) in paragraph at lines 168--169
[]\TU/PalatineP-Regular(0)/m/n/12 The Sec-re-tary of State may, by way of statu-tory in-stru-ment,
 []


Underfull \hbox (badness 2096) in paragraph at lines 174--175
\TU/PalatineP-Regular(0)/m/n/12 pub-lish, by way of statu-tory in-stru-ment, a list of des-ig-nated
 []


Underfull \hbox (badness 4595) in paragraph at lines 174--175
\TU/PalatineP-Regular(0)/m/n/12 Realms which are known to to sell or grant cit-i-zen-ship in
 []


Underfull \vbox (badness 5302) has occurred while \output is active []

 [7]
Underfull \hbox (badness 1796) in paragraph at lines 181--182
[]\TU/PalatineP-Regular(0)/m/n/12 Any in-di-vid-ual un-able to pro-vide such ev-i-dence shall not be
 []


Underfull \hbox (badness 2698) in paragraph at lines 182--183
\TU/PalatineP-Regular(0)/m/n/12 made un-der the pre-ceed-ing pro-vi-sions which are un-true are
 []


Underfull \hbox (badness 1142) in paragraph at lines 187--188
\TU/PalatineP-Regular(0)/m/n/12 where the pre-pon-der-ance of avail-able ev-i-dence demon-strates that
 []

[8]
Underfull \hbox (badness 2057) in paragraph at lines 233--234
\TU/PalatineP-Regular(0)/m/n/12 Zealand pass-port, qual-ify for the pur-poses of
 []


Underfull \hbox (badness 1205) in paragraph at lines 237--238
[]\TU/PalatineP-Regular(0)/m/n/12 For the above polity, the fol-low-ing sta-tuses or
 []


Underfull \hbox (badness 6284) in paragraph at lines 237--238
\TU/PalatineP-Regular(0)/m/n/12 qual-i-ties qual-ify for the pur-poses of sec-tion
 []


Underfull \hbox (badness 10000) in paragraph at lines 240--241
[]\TU/PalatineP-Regular(0)/m/n/12 Birth in Niue (both for Ni-ueans and
 []


Underfull \hbox (badness 2269) in paragraph at lines 241--242
[]\TU/PalatineP-Regular(0)/m/n/12 Some-one whose par-ent is a New Zealand
 []

[9

]
\tf@toc=\write4

\openout4 = immigration-bill.toc
 (./immigration-bill.aux))

Here is how much of LuaTeX's memory you used:
 10438 strings out of 478285
 100000,1977958 words of node,token memory allocated
 1206 words of node memory still in use:
   5 hlist, 1 vlist, 1 rule, 3 glue, 5 kern, 3 glyph, 21 attribute, 188 glue_spec, 11 attribute_list, 2 write nodes
   avail lists: 1:1,2:1008,3:314,4:16,5:645,6:96,7:6532,8:2,9:452,10:12,11:522
 30410 multiletter control sequences out of 65536+600000
 41 fonts using 7480791 bytes
 87i,13n,102p,824b,790s stack positions out of 10000i,1000n,20000p,200000b,200000s
</Users/nihal/Library/Fonts/PalatineP-Italic.otf></Users/nihal/Library/Fonts/PalatineP-Regular.otf></Users/nihal/Library/Fonts/PalatineP-Bold.otf>
Output written on immigration-bill.pdf (11 pages, 50528 bytes).

PDF statistics: 61 PDF objects out of 1000 (max. 8388607)
 38 compressed objects within 1 object stream
 0 named destinations out of 1000 (max. 131072)
 1 words of extra memory for PDF output out of 10000 (max. 100000000)

